<?xml version="1.0" encoding="UTF-8"?>
<!-- Generated by org.testng.reporters.JUnitReportReporter -->
<testsuite hostname="LAPTOP-5SK5IIJD" failures="0" tests="1" name="com.sushen.SmallProject.Rectangle" time="20.274" errors="0" timestamp="2021-06-16T11:37:12 IST" skipped="0">
  <testcase classname="com.sushen.SmallProject.Rectangle" name="downloadFile" time="20.274"/>
  <system-out/>
</testsuite> <!-- com.sushen.SmallProject.Rectangle -->
