<?xml version="1.0" encoding="UTF-8"?>
<!-- Generated by org.testng.reporters.JUnitReportReporter -->
<testsuite hostname="LAPTOP-5SK5IIJD" failures="0" tests="1" name="com.sushen.SmallProject.AppTest" time="5.056" errors="0" timestamp="2021-06-22T22:42:40 IST" skipped="0">
  <testcase classname="com.sushen.SmallProject.AppTest" name="test" time="5.056"/>
  <system-out/>
</testsuite> <!-- com.sushen.SmallProject.AppTest -->
