<?xml version="1.0" encoding="UTF-8"?>
<!-- Generated by org.testng.reporters.JUnitReportReporter -->
<testsuite hostname="LAPTOP-5SK5IIJD" failures="0" tests="1" name="com.sushen.SmallProject.DatabaseDemo" time="12.293" errors="0" timestamp="2021-07-23T23:47:24 IST" skipped="0">
  <testcase classname="com.sushen.SmallProject.DatabaseDemo" name="databaseTest" time="12.293"/>
  <system-out/>
</testsuite> <!-- com.sushen.SmallProject.DatabaseDemo -->
