<?xml version="1.0" encoding="UTF-8"?>
<!-- Generated by org.testng.reporters.JUnitReportReporter -->
<testsuite hostname="LAPTOP-5SK5IIJD" failures="0" tests="3" name="com.sushen.SmallProject.DataProviderTest" time="48.691" errors="0" timestamp="2021-06-23T23:10:48 IST" skipped="0">
  <testcase classname="com.sushen.SmallProject.DataProviderTest" name="loginTest" time="16.285"/>
  <system-out/>
  <testcase classname="com.sushen.SmallProject.DataProviderTest" name="loginTest" time="18.103"/>
  <system-out/>
  <testcase classname="com.sushen.SmallProject.DataProviderTest" name="loginTest" time="14.303"/>
  <system-out/>
</testsuite> <!-- com.sushen.SmallProject.DataProviderTest -->
