<?xml version="1.0" encoding="UTF-8"?>
<!-- Generated by org.testng.reporters.JUnitReportReporter -->
<testsuite hostname="LAPTOP-5SK5IIJD" failures="0" tests="1" name="com.sushen.SmallProject.Student" time="0.010" errors="0" timestamp="2021-06-22T23:34:52 IST" skipped="0">
  <testcase classname="com.sushen.SmallProject.Student" name="test" time="0.010"/>
  <system-out/>
</testsuite> <!-- com.sushen.SmallProject.Student -->
