<?xml version="1.0" encoding="UTF-8"?>
<!-- Generated by org.testng.reporters.JUnitReportReporter -->
<testsuite hostname="LAPTOP-5SK5IIJD" failures="0" tests="1" name="com.sushen.SmallProject.AppTest" time="5.340" errors="0" timestamp="2021-06-25T13:09:06 IST" skipped="0">
  <testcase classname="com.sushen.SmallProject.AppTest" name="test" time="5.340"/>
  <system-out/>
</testsuite> <!-- com.sushen.SmallProject.AppTest -->
